# Opening tea.out as log file.
TeaLeaf:
 - Ver.:     2.000
 - Deck:     tea.in
 - Out:      tea.out
 - Problem:  tea.problems
 - Solver:   CG
 - Profiler: false
Model:
 - Name:      OpenMP (CPU)
 - Execution: Host
MPI:
 - Enabled:     true
 - Total ranks: 4
 - Header device-awareness (CUDA-awareness):  unknown
 - Runtime device-awareness (CUDA-awareness): unknown
 - Host-Device halo exchange staging buffer:  true
 - X buffer elements: 12480
 - Y buffer elements: 12480
 - X buffer size:     24 KB
 - Y buffer size:     24 KB
# ---- 
Output: |+1

 Timestep 1
 CG: 			576 iterations
 Wallclock: 		1.321s
 Avg. time per cell: 	5.039877e-06
 Error: 		7.818251e-31

 Timestep 2
 CG: 			556 iterations
 Wallclock: 		3.487s
 Avg. time per cell: 	1.330208e-05
 Error: 		9.220533e-31

 Timestep 3
 CG: 			537 iterations
 Wallclock: 		5.381s
 Avg. time per cell: 	2.052698e-05
 Error: 		8.610090e-31

 Timestep 4
 CG: 			519 iterations
 Wallclock: 		6.807s
 Avg. time per cell: 	2.596525e-05
 Error: 		8.045458e-31

 Timestep 5
 CG: 			500 iterations
 Wallclock: 		9.638s
 Avg. time per cell: 	3.676438e-05
 Error: 		8.815935e-31

 Timestep 6
 CG: 			482 iterations
 Wallclock: 		10.836s
 Avg. time per cell: 	4.133767e-05
 Error: 		9.349587e-31

 Timestep 7
 CG: 			466 iterations
 Wallclock: 		13.870s
 Avg. time per cell: 	5.290834e-05
 Error: 		8.781499e-31

 Timestep 8
 CG: 			449 iterations
 Wallclock: 		15.452s
 Avg. time per cell: 	5.894497e-05
 Error: 		9.198255e-31

 Timestep 9
 CG: 			436 iterations
 Wallclock: 		16.629s
 Avg. time per cell: 	6.343324e-05
 Error: 		9.935227e-31

 Timestep 10
 CG: 			424 iterations
 Wallclock: 		17.606s
 Avg. time per cell: 	6.716008e-05
 Error: 		9.967949e-31

 Timestep 11
 CG: 			413 iterations
 Wallclock: 		18.493s
 Avg. time per cell: 	7.054348e-05
 Error: 		8.760249e-31

 Timestep 12
 CG: 			403 iterations
 Wallclock: 		19.613s
 Avg. time per cell: 	7.481744e-05
 Error: 		9.130701e-31

 Timestep 13
 CG: 			393 iterations
 Wallclock: 		20.897s
 Avg. time per cell: 	7.971420e-05
 Error: 		9.297138e-31

 Timestep 14
 CG: 			385 iterations
 Wallclock: 		22.578s
 Avg. time per cell: 	8.612733e-05
 Error: 		8.746841e-31

 Timestep 15
 CG: 			377 iterations
 Wallclock: 		23.668s
 Avg. time per cell: 	9.028653e-05
 Error: 		9.828546e-31

 Timestep 16
 CG: 			370 iterations
 Wallclock: 		24.451s
 Avg. time per cell: 	9.327279e-05
 Error: 		8.958575e-31

 Timestep 17
 CG: 			362 iterations
 Wallclock: 		25.279s
 Avg. time per cell: 	9.643357e-05
 Error: 		9.689645e-31

 Timestep 18
 CG: 			355 iterations
 Wallclock: 		26.190s
 Avg. time per cell: 	9.990502e-05
 Error: 		9.040734e-31

 Timestep 19
 CG: 			349 iterations
 Wallclock: 		27.163s
 Avg. time per cell: 	1.036198e-04
 Error: 		9.392253e-31

 Timestep 20
 CG: 			343 iterations
 Wallclock: 		28.076s
 Avg. time per cell: 	1.071029e-04
 Error: 		9.031632e-31

 Timestep 21
 CG: 			338 iterations
 Wallclock: 		29.423s
 Avg. time per cell: 	1.122380e-04
 Error: 		9.149317e-31

 Timestep 22
 CG: 			332 iterations
 Wallclock: 		30.367s
 Avg. time per cell: 	1.158391e-04
 Error: 		9.710976e-31

 Timestep 23
 CG: 			328 iterations
 Wallclock: 		31.249s
 Avg. time per cell: 	1.192037e-04
 Error: 		9.821960e-31

 Timestep 24
 CG: 			324 iterations
 Wallclock: 		33.445s
 Avg. time per cell: 	1.275830e-04
 Error: 		9.015700e-31

 Timestep 25
 CG: 			319 iterations
 Wallclock: 		34.181s
 Avg. time per cell: 	1.303895e-04
 Error: 		9.598840e-31

 Timestep 26
 CG: 			315 iterations
 Wallclock: 		35.016s
 Avg. time per cell: 	1.335763e-04
 Error: 		9.075616e-31

 Timestep 27
 CG: 			310 iterations
 Wallclock: 		35.812s
 Avg. time per cell: 	1.366107e-04
 Error: 		9.581822e-31

 Timestep 28
 CG: 			308 iterations
 Wallclock: 		36.442s
 Avg. time per cell: 	1.390139e-04
 Error: 		9.800419e-31

 Timestep 29
 CG: 			303 iterations
 Wallclock: 		37.150s
 Avg. time per cell: 	1.417148e-04
 Error: 		9.552042e-31

 Timestep 30
 CG: 			300 iterations
 Wallclock: 		38.040s
 Avg. time per cell: 	1.451106e-04
 Error: 		9.873126e-31

 Timestep 31
 CG: 			299 iterations
 Wallclock: 		38.796s
 Avg. time per cell: 	1.479934e-04
 Error: 		8.907675e-31

 Timestep 32
 CG: 			293 iterations
 Wallclock: 		39.610s
 Avg. time per cell: 	1.510999e-04
 Error: 		9.211726e-31

 Timestep 33
 CG: 			290 iterations
 Wallclock: 		40.482s
 Avg. time per cell: 	1.544257e-04
 Error: 		9.784719e-31

 Timestep 34
 CG: 			289 iterations
 Wallclock: 		41.373s
 Avg. time per cell: 	1.578263e-04
 Error: 		8.487560e-31

 Timestep 35
 CG: 			288 iterations
 Wallclock: 		42.890s
 Avg. time per cell: 	1.636141e-04
 Error: 		8.637239e-31

 Timestep 36
 CG: 			283 iterations
 Wallclock: 		44.852s
 Avg. time per cell: 	1.710950e-04
 Error: 		9.395342e-31

 Timestep 37
 CG: 			281 iterations
 Wallclock: 		45.742s
 Avg. time per cell: 	1.744919e-04
 Error: 		8.851300e-31

 Timestep 38
 CG: 			278 iterations
 Wallclock: 		46.714s
 Avg. time per cell: 	1.782010e-04
 Error: 		8.416383e-31

 Timestep 39
 CG: 			278 iterations
 Wallclock: 		47.272s
 Avg. time per cell: 	1.803276e-04
 Error: 		9.884441e-31

 Timestep 40
 CG: 			278 iterations
 Wallclock: 		48.268s
 Avg. time per cell: 	1.841268e-04
 Error: 		8.503864e-31

 Timestep 41
 CG: 			274 iterations
 Wallclock: 		55.246s
 Avg. time per cell: 	2.107453e-04
 Error: 		9.143939e-31

 Timestep 42
 CG: 			268 iterations
 Wallclock: 		57.946s
 Avg. time per cell: 	2.210463e-04
 Error: 		9.530020e-31

 Timestep 43
 CG: 			268 iterations
 Wallclock: 		59.770s
 Avg. time per cell: 	2.280035e-04
 Error: 		8.788996e-31

 Timestep 44
 CG: 			267 iterations
 Wallclock: 		60.283s
 Avg. time per cell: 	2.299623e-04
 Error: 		9.596108e-31

 Timestep 45
 CG: 			267 iterations
 Wallclock: 		60.801s
 Avg. time per cell: 	2.319367e-04
 Error: 		8.664841e-31

 Timestep 46
 CG: 			264 iterations
 Wallclock: 		62.693s
 Avg. time per cell: 	2.391542e-04
 Error: 		9.561695e-31

 Timestep 47
 CG: 			264 iterations
 Wallclock: 		63.832s
 Avg. time per cell: 	2.434992e-04
 Error: 		8.911242e-31

 Timestep 48
 CG: 			262 iterations
 Wallclock: 		65.846s
 Avg. time per cell: 	2.511826e-04
 Error: 		9.434661e-31

 Timestep 49
 CG: 			258 iterations
 Wallclock: 		66.981s
 Avg. time per cell: 	2.555117e-04
 Error: 		8.985856e-31

 Timestep 50
 CG: 			255 iterations
 Wallclock: 		67.515s
 Avg. time per cell: 	2.575503e-04
 Error: 		9.359439e-31

 Timestep 51
 CG: 			255 iterations
 Wallclock: 		69.883s
 Avg. time per cell: 	2.665823e-04
 Error: 		9.942615e-31

 Timestep 52
 CG: 			253 iterations
 Wallclock: 		70.816s
 Avg. time per cell: 	2.701410e-04
 Error: 		9.622996e-31

 Timestep 53
 CG: 			256 iterations
 Wallclock: 		71.330s
 Avg. time per cell: 	2.721025e-04
 Error: 		8.482425e-31

 Timestep 54
 CG: 			254 iterations
 Wallclock: 		71.830s
 Avg. time per cell: 	2.740086e-04
 Error: 		9.266348e-31

 Timestep 55
 CG: 			255 iterations
 Wallclock: 		72.327s
 Avg. time per cell: 	2.759066e-04
 Error: 		9.042590e-31

 Timestep 56
 CG: 			252 iterations
 Wallclock: 		72.826s
 Avg. time per cell: 	2.778097e-04
 Error: 		9.798823e-31

 Timestep 57
 CG: 			251 iterations
 Wallclock: 		73.525s
 Avg. time per cell: 	2.804760e-04
 Error: 		9.573737e-31

 Timestep 58
 CG: 			247 iterations
 Wallclock: 		74.026s
 Avg. time per cell: 	2.823881e-04
 Error: 		9.323265e-31

 Timestep 59
 CG: 			245 iterations
 Wallclock: 		74.496s
 Avg. time per cell: 	2.841790e-04
 Error: 		9.497357e-31

 Timestep 60
 CG: 			243 iterations
 Wallclock: 		74.933s
 Avg. time per cell: 	2.858467e-04
 Error: 		8.804644e-31

 Timestep 61
 CG: 			243 iterations
 Wallclock: 		75.394s
 Avg. time per cell: 	2.876042e-04
 Error: 		9.226425e-31

 Timestep 62
 CG: 			241 iterations
 Wallclock: 		75.855s
 Avg. time per cell: 	2.893649e-04
 Error: 		9.916712e-31

 Timestep 63
 CG: 			242 iterations
 Wallclock: 		76.306s
 Avg. time per cell: 	2.910849e-04
 Error: 		9.653900e-31

 Timestep 64
 CG: 			242 iterations
 Wallclock: 		76.785s
 Avg. time per cell: 	2.929129e-04
 Error: 		9.666697e-31

 Timestep 65
 CG: 			240 iterations
 Wallclock: 		77.230s
 Avg. time per cell: 	2.946101e-04
 Error: 		8.528981e-31

 Timestep 66
 CG: 			239 iterations
 Wallclock: 		77.687s
 Avg. time per cell: 	2.963524e-04
 Error: 		9.229941e-31

 Timestep 67
 CG: 			241 iterations
 Wallclock: 		78.154s
 Avg. time per cell: 	2.981357e-04
 Error: 		8.507054e-31

 Timestep 68
 CG: 			241 iterations
 Wallclock: 		79.456s
 Avg. time per cell: 	3.030998e-04
 Error: 		8.974756e-31

 Timestep 69
 CG: 			240 iterations
 Wallclock: 		82.080s
 Avg. time per cell: 	3.131123e-04
 Error: 		9.200378e-31

 Timestep 70
 CG: 			240 iterations
 Wallclock: 		82.620s
 Avg. time per cell: 	3.151716e-04
 Error: 		9.926071e-31

 Timestep 71
 CG: 			241 iterations
 Wallclock: 		83.156s
 Avg. time per cell: 	3.172154e-04
 Error: 		8.374192e-31

 Timestep 72
 CG: 			240 iterations
 Wallclock: 		83.723s
 Avg. time per cell: 	3.193783e-04
 Error: 		8.615470e-31

 Timestep 73
 CG: 			239 iterations
 Wallclock: 		84.377s
 Avg. time per cell: 	3.218724e-04
 Error: 		9.226603e-31

 Timestep 74
 CG: 			240 iterations
 Wallclock: 		84.865s
 Avg. time per cell: 	3.237357e-04
 Error: 		9.940749e-31

 Timestep 75
 CG: 			238 iterations
 Wallclock: 		85.364s
 Avg. time per cell: 	3.256379e-04
 Error: 		9.756393e-31

 Timestep 76
 CG: 			237 iterations
 Wallclock: 		85.924s
 Avg. time per cell: 	3.277723e-04
 Error: 		9.811244e-31

 Timestep 77
 CG: 			236 iterations
 Wallclock: 		86.527s
 Avg. time per cell: 	3.300732e-04
 Error: 		9.473207e-31

 Timestep 78
 CG: 			233 iterations
 Wallclock: 		87.319s
 Avg. time per cell: 	3.330970e-04
 Error: 		9.517796e-31

 Timestep 79
 CG: 			229 iterations
 Wallclock: 		87.754s
 Avg. time per cell: 	3.347547e-04
 Error: 		9.648318e-31

 Timestep 80
 CG: 			229 iterations
 Wallclock: 		90.512s
 Avg. time per cell: 	3.452766e-04
 Error: 		8.957676e-31

 Timestep 81
 CG: 			226 iterations
 Wallclock: 		90.954s
 Avg. time per cell: 	3.469614e-04
 Error: 		9.752239e-31

 Timestep 82
 CG: 			227 iterations
 Wallclock: 		91.394s
 Avg. time per cell: 	3.486397e-04
 Error: 		9.082022e-31

 Timestep 83
 CG: 			226 iterations
 Wallclock: 		92.975s
 Avg. time per cell: 	3.546697e-04
 Error: 		9.051791e-31

 Timestep 84
 CG: 			225 iterations
 Wallclock: 		93.554s
 Avg. time per cell: 	3.568795e-04
 Error: 		9.576000e-31

 Timestep 85
 CG: 			225 iterations
 Wallclock: 		94.070s
 Avg. time per cell: 	3.588468e-04
 Error: 		8.975417e-31

 Timestep 86
 CG: 			226 iterations
 Wallclock: 		94.630s
 Avg. time per cell: 	3.609851e-04
 Error: 		9.687185e-31

 Timestep 87
 CG: 			225 iterations
 Wallclock: 		95.070s
 Avg. time per cell: 	3.626615e-04
 Error: 		8.979132e-31

 Timestep 88
 CG: 			225 iterations
 Wallclock: 		95.544s
 Avg. time per cell: 	3.644727e-04
 Error: 		8.168338e-31

 Timestep 89
 CG: 			226 iterations
 Wallclock: 		97.764s
 Avg. time per cell: 	3.729408e-04
 Error: 		9.973781e-31

 Timestep 90
 CG: 			225 iterations
 Wallclock: 		99.152s
 Avg. time per cell: 	3.782357e-04
 Error: 		9.168953e-31

 Timestep 91
 CG: 			225 iterations
 Wallclock: 		99.648s
 Avg. time per cell: 	3.801271e-04
 Error: 		9.515162e-31

 Timestep 92
 CG: 			225 iterations
 Wallclock: 		105.599s
 Avg. time per cell: 	4.028276e-04
 Error: 		9.597095e-31

 Timestep 93
 CG: 			225 iterations
 Wallclock: 		107.166s
 Avg. time per cell: 	4.088046e-04
 Error: 		9.469056e-31

 Timestep 94
 CG: 			223 iterations
 Wallclock: 		107.738s
 Avg. time per cell: 	4.109860e-04
 Error: 		8.627976e-31

 Timestep 95
 CG: 			224 iterations
 Wallclock: 		108.201s
 Avg. time per cell: 	4.127545e-04
 Error: 		9.556662e-31

 Timestep 96
 CG: 			224 iterations
 Wallclock: 		117.366s
 Avg. time per cell: 	4.477140e-04
 Error: 		9.490798e-31

 Timestep 97
 CG: 			225 iterations
 Wallclock: 		117.996s
 Avg. time per cell: 	4.501172e-04
 Error: 		8.623662e-31

 Timestep 98
 CG: 			223 iterations
 Wallclock: 		118.448s
 Avg. time per cell: 	4.518420e-04
 Error: 		8.873671e-31

 Timestep 99
 CG: 			224 iterations
 Wallclock: 		118.928s
 Avg. time per cell: 	4.536737e-04
 Error: 		8.978864e-31

 Timestep 100
 CG: 			224 iterations
 Wallclock: 		119.385s
 Avg. time per cell: 	4.554192e-04
 Error: 		9.373059e-31

 Timestep 101
 CG: 			223 iterations
 Wallclock: 		122.166s
 Avg. time per cell: 	4.660280e-04
 Error: 		9.888126e-31

 Timestep 102
 CG: 			224 iterations
 Wallclock: 		125.435s
 Avg. time per cell: 	4.784954e-04
 Error: 		8.562035e-31

 Timestep 103
 CG: 			222 iterations
 Wallclock: 		134.173s
 Avg. time per cell: 	5.118277e-04
 Error: 		8.758863e-31

 Timestep 104
 CG: 			222 iterations
 Wallclock: 		147.854s
 Avg. time per cell: 	5.640164e-04
 Error: 		8.445868e-31

 Timestep 105
 CG: 			222 iterations
 Wallclock: 		148.377s
 Avg. time per cell: 	5.660134e-04
 Error: 		9.184369e-31

 Timestep 106
 CG: 			221 iterations
 Wallclock: 		148.971s
 Avg. time per cell: 	5.682793e-04
 Error: 		9.053806e-31

 Timestep 107
 CG: 			221 iterations
 Wallclock: 		152.180s
 Avg. time per cell: 	5.805195e-04
 Error: 		9.025380e-31

 Timestep 108
 CG: 			219 iterations
 Wallclock: 		152.954s
 Avg. time per cell: 	5.834749e-04
 Error: 		9.334066e-31

 Timestep 109
 CG: 			218 iterations
 Wallclock: 		153.429s
 Avg. time per cell: 	5.852856e-04
 Error: 		9.791733e-31

 Timestep 110
 CG: 			215 iterations
 Wallclock: 		157.012s
 Avg. time per cell: 	5.989520e-04
 Error: 		9.836968e-31

 Timestep 111
 CG: 			214 iterations
 Wallclock: 		157.409s
 Avg. time per cell: 	6.004687e-04
 Error: 		9.869620e-31

 Timestep 112
 CG: 			212 iterations
 Wallclock: 		158.141s
 Avg. time per cell: 	6.032618e-04
 Error: 		9.984001e-31

 Timestep 113
 CG: 			211 iterations
 Wallclock: 		158.654s
 Avg. time per cell: 	6.052179e-04
 Error: 		8.994471e-31

 Timestep 114
 CG: 			210 iterations
 Wallclock: 		166.550s
 Avg. time per cell: 	6.353391e-04
 Error: 		9.986178e-31

 Timestep 115
 CG: 			211 iterations
 Wallclock: 		167.173s
 Avg. time per cell: 	6.377158e-04
 Error: 		8.477192e-31

 Timestep 116
 CG: 			210 iterations
 Wallclock: 		172.810s
 Avg. time per cell: 	6.592182e-04
 Error: 		8.629612e-31

 Timestep 117
 CG: 			209 iterations
 Wallclock: 		173.188s
 Avg. time per cell: 	6.606582e-04
 Error: 		9.053148e-31

 Timestep 118
 CG: 			208 iterations
 Wallclock: 		187.763s
 Avg. time per cell: 	7.162582e-04
 Error: 		9.719606e-31

 Timestep 119
 CG: 			207 iterations
 Wallclock: 		188.864s
 Avg. time per cell: 	7.204602e-04
 Error: 		9.850011e-31

 Timestep 120
 CG: 			207 iterations
 Wallclock: 		189.327s
 Avg. time per cell: 	7.222243e-04
 Error: 		9.774584e-31

 Timestep 121
 CG: 			208 iterations
 Wallclock: 		189.782s
 Avg. time per cell: 	7.239614e-04
 Error: 		9.998350e-31

 Timestep 122
 CG: 			208 iterations
 Wallclock: 		190.484s
 Avg. time per cell: 	7.266374e-04
 Error: 		9.894711e-31

 Timestep 123
 CG: 			207 iterations
 Wallclock: 		192.836s
 Avg. time per cell: 	7.356111e-04
 Error: 		9.614832e-31

 Timestep 124
 CG: 			207 iterations
 Wallclock: 		193.576s
 Avg. time per cell: 	7.384337e-04
 Error: 		9.945190e-31

 Timestep 125
 CG: 			207 iterations
 Wallclock: 		194.161s
 Avg. time per cell: 	7.406649e-04
 Error: 		8.739003e-31

 Timestep 126
 CG: 			208 iterations
 Wallclock: 		194.722s
 Avg. time per cell: 	7.428065e-04
 Error: 		8.693722e-31

 Timestep 127
 CG: 			208 iterations
 Wallclock: 		197.685s
 Avg. time per cell: 	7.541085e-04
 Error: 		9.716261e-31

 Timestep 128
 CG: 			207 iterations
 Wallclock: 		200.626s
 Avg. time per cell: 	7.653268e-04
 Error: 		8.665617e-31

 Timestep 129
 CG: 			207 iterations
 Wallclock: 		204.584s
 Avg. time per cell: 	7.804270e-04
 Error: 		8.776572e-31

 Timestep 130
 CG: 			206 iterations
 Wallclock: 		204.990s
 Avg. time per cell: 	7.819742e-04
 Error: 		8.996131e-31

 Timestep 131
 CG: 			208 iterations
 Wallclock: 		205.385s
 Avg. time per cell: 	7.834801e-04
 Error: 		8.512813e-31

 Timestep 132
 CG: 			207 iterations
 Wallclock: 		206.180s
 Avg. time per cell: 	7.865124e-04
 Error: 		9.418925e-31

 Timestep 133
 CG: 			208 iterations
 Wallclock: 		206.621s
 Avg. time per cell: 	7.881974e-04
 Error: 		8.876447e-31

 Timestep 134
 CG: 			207 iterations
 Wallclock: 		207.063s
 Avg. time per cell: 	7.898839e-04
 Error: 		8.705889e-31

 Timestep 135
 CG: 			208 iterations
 Wallclock: 		207.631s
 Avg. time per cell: 	7.920505e-04
 Error: 		8.361259e-31

 Timestep 136
 CG: 			208 iterations
 Wallclock: 		208.141s
 Avg. time per cell: 	7.939968e-04
 Error: 		7.998080e-31

 Timestep 137
 CG: 			208 iterations
 Wallclock: 		208.616s
 Avg. time per cell: 	7.958088e-04
 Error: 		8.352928e-31

 Timestep 138
 CG: 			208 iterations
 Wallclock: 		209.212s
 Avg. time per cell: 	7.980810e-04
 Error: 		8.786088e-31

 Timestep 139
 CG: 			206 iterations
 Wallclock: 		209.668s
 Avg. time per cell: 	7.998186e-04
 Error: 		9.191351e-31

 Timestep 140
 CG: 			207 iterations
 Wallclock: 		219.557s
 Avg. time per cell: 	8.375445e-04
 Error: 		9.864436e-31

 Timestep 141
 CG: 			208 iterations
 Wallclock: 		219.994s
 Avg. time per cell: 	8.392092e-04
 Error: 		8.958793e-31

 Timestep 142
 CG: 			206 iterations
 Wallclock: 		220.368s
 Avg. time per cell: 	8.406371e-04
 Error: 		9.062556e-31

 Timestep 143
 CG: 			208 iterations
 Wallclock: 		226.695s
 Avg. time per cell: 	8.647728e-04
 Error: 		8.457760e-31

 Timestep 144
 CG: 			207 iterations
 Wallclock: 		228.414s
 Avg. time per cell: 	8.713321e-04
 Error: 		8.309657e-31

 Timestep 145
 CG: 			206 iterations
 Wallclock: 		230.779s
 Avg. time per cell: 	8.803505e-04
 Error: 		9.307422e-31

 Timestep 146
 CG: 			207 iterations
 Wallclock: 		231.723s
 Avg. time per cell: 	8.839524e-04
 Error: 		9.142270e-31

 Timestep 147
 CG: 			207 iterations
 Wallclock: 		232.601s
 Avg. time per cell: 	8.873016e-04
 Error: 		9.154933e-31

 Timestep 148
 CG: 			206 iterations
 Wallclock: 		233.602s
 Avg. time per cell: 	8.911191e-04
 Error: 		9.716200e-31

 Timestep 149
 CG: 			206 iterations
 Wallclock: 		234.354s
 Avg. time per cell: 	8.939904e-04
 Error: 		9.478059e-31

 Timestep 150
 CG: 			206 iterations
 Wallclock: 		234.773s
 Avg. time per cell: 	8.955882e-04
 Error: 		8.896765e-31

 Timestep 151
 CG: 			205 iterations
 Wallclock: 		235.161s
 Avg. time per cell: 	8.970671e-04
 Error: 		8.737958e-31

 Timestep 152
 CG: 			206 iterations
 Wallclock: 		236.255s
 Avg. time per cell: 	9.012412e-04
 Error: 		9.398545e-31

 Timestep 153
 CG: 			207 iterations
 Wallclock: 		237.818s
 Avg. time per cell: 	9.072023e-04
 Error: 		8.575911e-31

 Timestep 154
 CG: 			206 iterations
 Wallclock: 		238.356s
 Avg. time per cell: 	9.092561e-04
 Error: 		8.958305e-31

 Timestep 155
 CG: 			206 iterations
 Wallclock: 		249.960s
 Avg. time per cell: 	9.535208e-04
 Error: 		9.939789e-31

 Timestep 156
 CG: 			205 iterations
 Wallclock: 		258.838s
 Avg. time per cell: 	9.873875e-04
 Error: 		9.447212e-31

 Timestep 157
 CG: 			204 iterations
 Wallclock: 		259.249s
 Avg. time per cell: 	9.889575e-04
 Error: 		9.188421e-31

 Timestep 158
 CG: 			205 iterations
 Wallclock: 		259.984s
 Avg. time per cell: 	9.917611e-04
 Error: 		8.780230e-31

 Timestep 159
 CG: 			206 iterations
 Wallclock: 		260.835s
 Avg. time per cell: 	9.950047e-04
 Error: 		9.236804e-31

 Timestep 160
 CG: 			204 iterations
 Wallclock: 		263.483s
 Avg. time per cell: 	1.005109e-03
 Error: 		9.986763e-31

 Timestep 161
 CG: 			205 iterations
 Wallclock: 		264.333s
 Avg. time per cell: 	1.008351e-03
 Error: 		8.909274e-31

 Timestep 162
 CG: 			204 iterations
 Wallclock: 		265.112s
 Avg. time per cell: 	1.011321e-03
 Error: 		9.366127e-31

 Timestep 163
 CG: 			204 iterations
 Wallclock: 		265.727s
 Avg. time per cell: 	1.013668e-03
 Error: 		9.504449e-31

 Timestep 164
 CG: 			204 iterations
 Wallclock: 		266.875s
 Avg. time per cell: 	1.018046e-03
 Error: 		9.573270e-31

 Timestep 165
 CG: 			204 iterations
 Wallclock: 		267.524s
 Avg. time per cell: 	1.020524e-03
 Error: 		9.348747e-31

 Timestep 166
 CG: 			202 iterations
 Wallclock: 		268.019s
 Avg. time per cell: 	1.022413e-03
 Error: 		9.289798e-31

 Timestep 167
 CG: 			202 iterations
 Wallclock: 		270.608s
 Avg. time per cell: 	1.032287e-03
 Error: 		9.850071e-31

 Timestep 168
 CG: 			201 iterations
 Wallclock: 		271.020s
 Avg. time per cell: 	1.033857e-03
 Error: 		9.518865e-31

 Timestep 169
 CG: 			199 iterations
 Wallclock: 		271.834s
 Avg. time per cell: 	1.036963e-03
 Error: 		9.810337e-31

 Timestep 170
 CG: 			198 iterations
 Wallclock: 		272.386s
 Avg. time per cell: 	1.039070e-03
 Error: 		9.732914e-31

 Timestep 171
 CG: 			197 iterations
 Wallclock: 		272.889s
 Avg. time per cell: 	1.040989e-03
 Error: 		9.533142e-31

 Timestep 172
 CG: 			197 iterations
 Wallclock: 		273.331s
 Avg. time per cell: 	1.042674e-03
 Error: 		9.377195e-31

 Timestep 173
 CG: 			195 iterations
 Wallclock: 		280.407s
 Avg. time per cell: 	1.069667e-03
 Error: 		9.869575e-31

 Timestep 174
 CG: 			195 iterations
 Wallclock: 		282.757s
 Avg. time per cell: 	1.078633e-03
 Error: 		8.927891e-31

 Timestep 175
 CG: 			194 iterations
 Wallclock: 		283.441s
 Avg. time per cell: 	1.081240e-03
 Error: 		9.365165e-31

 Timestep 176
 CG: 			191 iterations
 Wallclock: 		283.872s
 Avg. time per cell: 	1.082886e-03
 Error: 		9.151227e-31

 Timestep 177
 CG: 			190 iterations
 Wallclock: 		284.239s
 Avg. time per cell: 	1.084285e-03
 Error: 		9.963807e-31

 Timestep 178
 CG: 			191 iterations
 Wallclock: 		284.591s
 Avg. time per cell: 	1.085629e-03
 Error: 		9.905560e-31

 Timestep 179
 CG: 			191 iterations
 Wallclock: 		284.954s
 Avg. time per cell: 	1.087013e-03
 Error: 		8.922291e-31

 Timestep 180
 CG: 			190 iterations
 Wallclock: 		285.555s
 Avg. time per cell: 	1.089306e-03
 Error: 		9.685728e-31

 Timestep 181
 CG: 			191 iterations
 Wallclock: 		285.926s
 Avg. time per cell: 	1.090720e-03
 Error: 		9.777062e-31

 Timestep 182
 CG: 			191 iterations
 Wallclock: 		295.052s
 Avg. time per cell: 	1.125534e-03
 Error: 		8.966220e-31

 Timestep 183
 CG: 			190 iterations
 Wallclock: 		308.845s
 Avg. time per cell: 	1.178149e-03
 Error: 		9.106587e-31

 Timestep 184
 CG: 			189 iterations
 Wallclock: 		309.561s
 Avg. time per cell: 	1.180880e-03
 Error: 		8.664223e-31

 Timestep 185
 CG: 			191 iterations
 Wallclock: 		310.104s
 Avg. time per cell: 	1.182955e-03
 Error: 		9.002295e-31

 Timestep 186
 CG: 			190 iterations
 Wallclock: 		310.455s
 Avg. time per cell: 	1.184292e-03
 Error: 		8.887906e-31

 Timestep 187
 CG: 			189 iterations
 Wallclock: 		310.811s
 Avg. time per cell: 	1.185650e-03
 Error: 		9.124748e-31

 Timestep 188
 CG: 			190 iterations
 Wallclock: 		311.787s
 Avg. time per cell: 	1.189371e-03
 Error: 		8.983264e-31

 Timestep 189
 CG: 			189 iterations
 Wallclock: 		313.689s
 Avg. time per cell: 	1.196628e-03
 Error: 		9.077119e-31

 Timestep 190
 CG: 			189 iterations
 Wallclock: 		314.060s
 Avg. time per cell: 	1.198043e-03
 Error: 		9.336719e-31

 Timestep 191
 CG: 			188 iterations
 Wallclock: 		314.404s
 Avg. time per cell: 	1.199356e-03
 Error: 		9.900708e-31

 Timestep 192
 CG: 			189 iterations
 Wallclock: 		315.034s
 Avg. time per cell: 	1.201760e-03
 Error: 		9.535781e-31

 Timestep 193
 CG: 			188 iterations
 Wallclock: 		315.413s
 Avg. time per cell: 	1.203205e-03
 Error: 		9.264429e-31

 Timestep 194
 CG: 			188 iterations
 Wallclock: 		316.188s
 Avg. time per cell: 	1.206161e-03
 Error: 		9.530484e-31

 Timestep 195
 CG: 			190 iterations
 Wallclock: 		316.537s
 Avg. time per cell: 	1.207494e-03
 Error: 		9.046229e-31

 Timestep 196
 CG: 			189 iterations
 Wallclock: 		316.917s
 Avg. time per cell: 	1.208943e-03
 Error: 		8.399901e-31

 Timestep 197
 CG: 			189 iterations
 Wallclock: 		317.711s
 Avg. time per cell: 	1.211971e-03
 Error: 		8.696453e-31

 Timestep 198
 CG: 			188 iterations
 Wallclock: 		318.093s
 Avg. time per cell: 	1.213428e-03
 Error: 		8.680564e-31

 Timestep 199
 CG: 			190 iterations
 Wallclock: 		318.564s
 Avg. time per cell: 	1.215226e-03
 Error: 		9.071372e-31

 Timestep 200
 CG: 			188 iterations
 Wallclock: 		319.541s
 Avg. time per cell: 	1.218952e-03
 Error: 		8.736279e-31

 Checking results...

 WARNING: Problem was not found in the test problems file, expected value will be invalid.
 Expected 1.000000000000000e+00
 Actual   1.302929516204575e+02
 This run FAILED (Difference is within 12929.29516205%)
Result:
 - Problem: 512x512@200
 - Outcome: FAILED
